<?xml version="1.0" encoding="UTF-8"?>
<!-- Generated by org.testng.reporters.JUnitXMLReporter -->
<testsuite ignored="0" hostname="DESKTOP-C3OONP8" failures="0" tests="1" name="Test-runner-1" time="92.302" errors="0" timestamp="2023-12-21T17:57:20 IST">
  <testcase classname="contactsTests.CreateContact" name="createcontact" time="41.689"/>
</testsuite> <!-- Test-runner-1 -->
