<?xml version="1.0" encoding="UTF-8"?>
<!-- Generated by org.testng.reporters.JUnitXMLReporter -->
<testsuite ignored="0" hostname="DESKTOP-C3OONP8" failures="0" tests="1" name="Test-edge" time="38.931" errors="0" timestamp="2023-12-21T18:57:33 IST">
  <testcase classname="contactsTests.CreateContact" name="createcontact" time="22.684"/>
</testsuite> <!-- Test-edge -->
