<?xml version="1.0" encoding="UTF-8"?>
<!-- Generated by org.testng.reporters.JUnitXMLReporter -->
<testsuite ignored="0" hostname="DESKTOP-C3OONP8" failures="0" tests="1" name="Test-runner-2" time="99.915" errors="0" timestamp="2023-12-21T17:57:28 IST">
  <testcase classname="contactsTests.CreateContactTestWithLeadSource" name="createNewContactwithLeadSourceValue" time="42.79"/>
</testsuite> <!-- Test-runner-2 -->
