<?xml version="1.0" encoding="UTF-8"?>
<!-- Generated by org.testng.reporters.JUnitReportReporter -->
<testsuite hostname="DESKTOP-C3OONP8" failures="0" tests="1" name="contactsTests.CreateContactTestWithLeadSource" time="13.408" errors="0" timestamp="2023-12-27T17:52:59 IST" skipped="0">
  <testcase classname="contactsTests.CreateContactTestWithLeadSource" name="createNewContactwithLeadSourceValue" time="13.408"/>
</testsuite> <!-- contactsTests.CreateContactTestWithLeadSource -->
