<?xml version="1.0" encoding="UTF-8"?>
<!-- Generated by org.testng.reporters.JUnitReportReporter -->
<testsuite hostname="DESKTOP-C3OONP8" failures="0" tests="1" name="Practice.ReadDataFromCmdLine" time="0.022" errors="0" timestamp="2024-01-02T18:01:39 IST" skipped="0">
  <testcase classname="Practice.ReadDataFromCmdLine" name="data" time="0.022"/>
</testsuite> <!-- Practice.ReadDataFromCmdLine -->
