<?xml version="1.0" encoding="UTF-8"?>
<!-- Generated by org.testng.reporters.JUnitReportReporter -->
<testsuite hostname="DESKTOP-C3OONP8" failures="0" tests="1" name="contactsTests.CreateContactTestWithLeadSourceTest" time="20.264" errors="0" timestamp="2023-12-31T16:11:12 IST" skipped="0">
  <testcase classname="contactsTests.CreateContactTestWithLeadSourceTest" name="createNewContactwithLeadSourceValue" time="20.264"/>
</testsuite> <!-- contactsTests.CreateContactTestWithLeadSourceTest -->
